<?xml version="1.0" encoding="UTF-8"?>
<testsuites name="Login Process" time="24" tests="2" failures="0" errors="0">
   <testsuite name="Login Process" tests="2" failures="0" errors="0" time="24" timestamp="2018-07-09 16:10:40" hostname="shivam.gandhi.in - L-JBZ6152.jasperindia.local" id="Test Suites/Login Process">
      <properties>
         <property name="deviceName" value=""/>
         <property name="devicePlatform" value=""/>
         <property name="logFolder" value="D:\\Sample Project\\Reports\\Login Process\\20180709_161038"/>
         <property name="logFiles" value="D:\\Sample Project\\Reports\\Login Process\\20180709_161038\\execution0.log"/>
         <property name="attachments" value=""/>
         <property name="hostName" value="shivam.gandhi.in - L-JBZ6152.jasperindia.local"/>
         <property name="os" value="Windows 7 64bit"/>
         <property name="katalonVersion" value="5.4.2.1"/>
         <property name="browser" value="Firefox 61.0"/>
         <property name="hostAddress" value="10.20.86.25"/>
         <property name="sessionId" value="a00f0a37-eb77-4b4f-82c8-9493b9e27979"/>
         <property name="seleniumVersion" value="3.7.1"/>
         <property name="proxyInformation" value="ProxyInformation{proxyOption=NO_PROXY, proxyServerType=HTTP, password=, proxyServerAddress=, proxyServerPort=0}"/>
         <property name="platform" value="Windows 7"/>
      </properties>
      <testcase name="Test Cases/DataDriven Login" classname="Test Cases/DataDriven Login" status="PASSED">
         <system-out><![CDATA[2018-07-09 16:10:40 - [TEST_CASE][PASSED] - Test Cases/DataDriven Login: Test Cases/DataDriven Login

2018-07-09 16:10:41 - [TEST_STEP][PASSED] - openBrowser: Browser is opened with url: ''

2018-07-09 16:10:47 - [MESSAGE][PASSED] - Browser is opened with url: ''

2018-07-09 16:10:47 - [TEST_STEP][PASSED] - navigateToUrl: Navigate to 'https://www.snapdeal.com/' successfully

2018-07-09 16:10:49 - [MESSAGE][PASSED] - Navigate to 'https://www.snapdeal.com/' successfully

2018-07-09 16:10:49 - [TEST_STEP][PASSED] - waitForElementPresent: Object 'Object Repository/Hello World/Page_Online Shopping Site in India/span_Sign In' is present

2018-07-09 16:10:49 - [MESSAGE][PASSED] - Object 'Object Repository/Hello World/Page_Online Shopping Site in India/span_Sign In' is present

2018-07-09 16:10:49 - [TEST_STEP][PASSED] - verifyElementPresent: Object 'Object Repository/Hello World/Page_Online Shopping Site in India/span_Sign In' is present

2018-07-09 16:10:49 - [MESSAGE][WARNING] - Timeout '0' is invalid. Using default page load timeout: '30'

2018-07-09 16:10:49 - [MESSAGE][PASSED] - Object 'Object Repository/Hello World/Page_Online Shopping Site in India/span_Sign In' is present

2018-07-09 16:10:49 - [TEST_STEP][PASSED] - click: Object: 'Object Repository/Hello World/Page_Online Shopping Site in India/span_Sign In' is clicked on

2018-07-09 16:10:51 - [MESSAGE][PASSED] - Object: 'Object Repository/Hello World/Page_Online Shopping Site in India/span_Sign In' is clicked on

2018-07-09 16:10:51 - [TEST_STEP][PASSED] - waitForElementPresent: Object 'Object Repository/Hello World/Page_Online Shopping Site in India/a_login' is present

2018-07-09 16:10:51 - [MESSAGE][PASSED] - Object 'Object Repository/Hello World/Page_Online Shopping Site in India/a_login' is present

2018-07-09 16:10:51 - [TEST_STEP][PASSED] - verifyElementPresent: Object 'Object Repository/Hello World/Page_Online Shopping Site in India/a_login' is present

2018-07-09 16:10:51 - [MESSAGE][WARNING] - Timeout '0' is invalid. Using default page load timeout: '30'

2018-07-09 16:10:51 - [MESSAGE][PASSED] - Object 'Object Repository/Hello World/Page_Online Shopping Site in India/a_login' is present

2018-07-09 16:10:51 - [TEST_STEP][PASSED] - click: Object: 'Object Repository/Hello World/Page_Online Shopping Site in India/a_login' is clicked on

2018-07-09 16:10:52 - [MESSAGE][PASSED] - Object: 'Object Repository/Hello World/Page_Online Shopping Site in India/a_login' is clicked on

2018-07-09 16:10:52 - [TEST_STEP][PASSED] - setText: Text '9654421103' is set on object 'Object Repository/Login Details/Page_Online Shopping Site in India/input_username'

2018-07-09 16:10:52 - [MESSAGE][PASSED] - Text '9654421103' is set on object 'Object Repository/Login Details/Page_Online Shopping Site in India/input_username'

2018-07-09 16:10:52 - [TEST_STEP][PASSED] - waitForElementPresent: Object 'Object Repository/Hello World/Page_Online Shopping Site in India/button_continue' is present

2018-07-09 16:10:52 - [MESSAGE][WARNING] - Timeout '0' is invalid. Using default page load timeout: '30'

2018-07-09 16:10:52 - [MESSAGE][WARNING] - Timeout '0' is invalid. Using default page load timeout: '30'

2018-07-09 16:10:52 - [MESSAGE][PASSED] - Object 'Object Repository/Hello World/Page_Online Shopping Site in India/button_continue' is present

2018-07-09 16:10:52 - [TEST_STEP][PASSED] - verifyElementPresent: Object 'Object Repository/Hello World/Page_Online Shopping Site in India/button_continue' is present

2018-07-09 16:10:52 - [MESSAGE][WARNING] - Timeout '0' is invalid. Using default page load timeout: '30'

2018-07-09 16:10:52 - [MESSAGE][WARNING] - Timeout '0' is invalid. Using default page load timeout: '30'

2018-07-09 16:10:52 - [MESSAGE][PASSED] - Object 'Object Repository/Hello World/Page_Online Shopping Site in India/button_continue' is present

2018-07-09 16:10:52 - [TEST_STEP][PASSED] - click: Object: 'Object Repository/Login Details/Page_Online Shopping Site in India/button_continue' is clicked on

2018-07-09 16:10:52 - [MESSAGE][PASSED] - Object: 'Object Repository/Login Details/Page_Online Shopping Site in India/button_continue' is clicked on

2018-07-09 16:10:52 - [TEST_STEP][PASSED] - waitForElementPresent: Object 'Object Repository/Hello World/Page_Online Shopping Site in India/button_Login Without Password' is present

2018-07-09 16:10:53 - [MESSAGE][WARNING] - Timeout '0' is invalid. Using default page load timeout: '30'

2018-07-09 16:10:53 - [MESSAGE][WARNING] - Timeout '0' is invalid. Using default page load timeout: '30'

2018-07-09 16:10:53 - [MESSAGE][PASSED] - Object 'Object Repository/Hello World/Page_Online Shopping Site in India/button_Login Without Password' is present

2018-07-09 16:10:53 - [TEST_STEP][PASSED] - verifyElementPresent: Object 'Object Repository/Hello World/Page_Online Shopping Site in India/button_Login Without Password' is present

2018-07-09 16:10:53 - [MESSAGE][WARNING] - Timeout '0' is invalid. Using default page load timeout: '30'

2018-07-09 16:10:53 - [MESSAGE][WARNING] - Timeout '0' is invalid. Using default page load timeout: '30'

2018-07-09 16:10:53 - [MESSAGE][PASSED] - Object 'Object Repository/Hello World/Page_Online Shopping Site in India/button_Login Without Password' is present

2018-07-09 16:10:53 - [TEST_STEP][PASSED] - click: Object: 'Object Repository/Login Details/Page_Online Shopping Site in India/button_Login Without Password' is clicked on

2018-07-09 16:10:53 - [MESSAGE][PASSED] - Object: 'Object Repository/Login Details/Page_Online Shopping Site in India/button_Login Without Password' is clicked on

2018-07-09 16:10:53 - [TEST_STEP][PASSED] - closeBrowser: Browser is closed

2018-07-09 16:10:53 - [MESSAGE][PASSED] - Browser is closed]]></system-out>
         <system-err><![CDATA[]]></system-err>
      </testcase>
      <testcase name="Test Cases/DataDriven Login" classname="Test Cases/DataDriven Login" status="PASSED">
         <system-out><![CDATA[2018-07-09 16:10:53 - [TEST_CASE][PASSED] - Test Cases/DataDriven Login: Test Cases/DataDriven Login

2018-07-09 16:10:53 - [TEST_STEP][PASSED] - openBrowser: Browser is opened with url: ''

2018-07-09 16:10:58 - [MESSAGE][PASSED] - Browser is opened with url: ''

2018-07-09 16:10:58 - [TEST_STEP][PASSED] - navigateToUrl: Navigate to 'https://www.snapdeal.com/' successfully

2018-07-09 16:11:00 - [MESSAGE][PASSED] - Navigate to 'https://www.snapdeal.com/' successfully

2018-07-09 16:11:00 - [TEST_STEP][PASSED] - waitForElementPresent: Object 'Object Repository/Hello World/Page_Online Shopping Site in India/span_Sign In' is present

2018-07-09 16:11:01 - [MESSAGE][PASSED] - Object 'Object Repository/Hello World/Page_Online Shopping Site in India/span_Sign In' is present

2018-07-09 16:11:01 - [TEST_STEP][PASSED] - verifyElementPresent: Object 'Object Repository/Hello World/Page_Online Shopping Site in India/span_Sign In' is present

2018-07-09 16:11:01 - [MESSAGE][WARNING] - Timeout '0' is invalid. Using default page load timeout: '30'

2018-07-09 16:11:01 - [MESSAGE][PASSED] - Object 'Object Repository/Hello World/Page_Online Shopping Site in India/span_Sign In' is present

2018-07-09 16:11:01 - [TEST_STEP][PASSED] - click: Object: 'Object Repository/Hello World/Page_Online Shopping Site in India/span_Sign In' is clicked on

2018-07-09 16:11:02 - [MESSAGE][PASSED] - Object: 'Object Repository/Hello World/Page_Online Shopping Site in India/span_Sign In' is clicked on

2018-07-09 16:11:02 - [TEST_STEP][PASSED] - waitForElementPresent: Object 'Object Repository/Hello World/Page_Online Shopping Site in India/a_login' is present

2018-07-09 16:11:02 - [MESSAGE][PASSED] - Object 'Object Repository/Hello World/Page_Online Shopping Site in India/a_login' is present

2018-07-09 16:11:02 - [TEST_STEP][PASSED] - verifyElementPresent: Object 'Object Repository/Hello World/Page_Online Shopping Site in India/a_login' is present

2018-07-09 16:11:02 - [MESSAGE][WARNING] - Timeout '0' is invalid. Using default page load timeout: '30'

2018-07-09 16:11:02 - [MESSAGE][PASSED] - Object 'Object Repository/Hello World/Page_Online Shopping Site in India/a_login' is present

2018-07-09 16:11:02 - [TEST_STEP][PASSED] - click: Object: 'Object Repository/Hello World/Page_Online Shopping Site in India/a_login' is clicked on

2018-07-09 16:11:02 - [MESSAGE][PASSED] - Object: 'Object Repository/Hello World/Page_Online Shopping Site in India/a_login' is clicked on

2018-07-09 16:11:02 - [TEST_STEP][PASSED] - setText: Text '9958571972' is set on object 'Object Repository/Login Details/Page_Online Shopping Site in India/input_username'

2018-07-09 16:11:03 - [MESSAGE][PASSED] - Text '9958571972' is set on object 'Object Repository/Login Details/Page_Online Shopping Site in India/input_username'

2018-07-09 16:11:03 - [TEST_STEP][PASSED] - waitForElementPresent: Object 'Object Repository/Hello World/Page_Online Shopping Site in India/button_continue' is present

2018-07-09 16:11:03 - [MESSAGE][WARNING] - Timeout '0' is invalid. Using default page load timeout: '30'

2018-07-09 16:11:03 - [MESSAGE][WARNING] - Timeout '0' is invalid. Using default page load timeout: '30'

2018-07-09 16:11:03 - [MESSAGE][PASSED] - Object 'Object Repository/Hello World/Page_Online Shopping Site in India/button_continue' is present

2018-07-09 16:11:03 - [TEST_STEP][PASSED] - verifyElementPresent: Object 'Object Repository/Hello World/Page_Online Shopping Site in India/button_continue' is present

2018-07-09 16:11:03 - [MESSAGE][WARNING] - Timeout '0' is invalid. Using default page load timeout: '30'

2018-07-09 16:11:03 - [MESSAGE][WARNING] - Timeout '0' is invalid. Using default page load timeout: '30'

2018-07-09 16:11:03 - [MESSAGE][PASSED] - Object 'Object Repository/Hello World/Page_Online Shopping Site in India/button_continue' is present

2018-07-09 16:11:03 - [TEST_STEP][PASSED] - click: Object: 'Object Repository/Login Details/Page_Online Shopping Site in India/button_continue' is clicked on

2018-07-09 16:11:03 - [MESSAGE][PASSED] - Object: 'Object Repository/Login Details/Page_Online Shopping Site in India/button_continue' is clicked on

2018-07-09 16:11:03 - [TEST_STEP][PASSED] - waitForElementPresent: Object 'Object Repository/Hello World/Page_Online Shopping Site in India/button_Login Without Password' is present

2018-07-09 16:11:03 - [MESSAGE][WARNING] - Timeout '0' is invalid. Using default page load timeout: '30'

2018-07-09 16:11:03 - [MESSAGE][WARNING] - Timeout '0' is invalid. Using default page load timeout: '30'

2018-07-09 16:11:03 - [MESSAGE][PASSED] - Object 'Object Repository/Hello World/Page_Online Shopping Site in India/button_Login Without Password' is present

2018-07-09 16:11:03 - [TEST_STEP][PASSED] - verifyElementPresent: Object 'Object Repository/Hello World/Page_Online Shopping Site in India/button_Login Without Password' is present

2018-07-09 16:11:03 - [MESSAGE][WARNING] - Timeout '0' is invalid. Using default page load timeout: '30'

2018-07-09 16:11:04 - [MESSAGE][WARNING] - Timeout '0' is invalid. Using default page load timeout: '30'

2018-07-09 16:11:04 - [MESSAGE][PASSED] - Object 'Object Repository/Hello World/Page_Online Shopping Site in India/button_Login Without Password' is present

2018-07-09 16:11:04 - [TEST_STEP][PASSED] - click: Object: 'Object Repository/Login Details/Page_Online Shopping Site in India/button_Login Without Password' is clicked on

2018-07-09 16:11:04 - [MESSAGE][PASSED] - Object: 'Object Repository/Login Details/Page_Online Shopping Site in India/button_Login Without Password' is clicked on

2018-07-09 16:11:04 - [TEST_STEP][PASSED] - closeBrowser: Browser is closed

2018-07-09 16:11:04 - [MESSAGE][PASSED] - Browser is closed]]></system-out>
         <system-err><![CDATA[]]></system-err>
      </testcase>
      <system-out><![CDATA[2018-07-09 16:10:40 - [TEST_SUITE][PASSED] - Login Process: Test Cases/DataDriven Login]]></system-out>
      <system-err><![CDATA[]]></system-err>
   </testsuite>
</testsuites>
