<?xml version="1.0" encoding="UTF-8"?>
<testsuites name="Login Process" time="19" tests="0" failures="2" errors="0">
   <testsuite name="Login Process" tests="0" failures="2" errors="0" time="19" timestamp="2018-07-09 15:50:26" hostname="shivam.gandhi.in - L-JBZ6152.jasperindia.local" id="Test Suites/Login Process">
      <properties>
         <property name="deviceName" value=""/>
         <property name="devicePlatform" value=""/>
         <property name="logFolder" value="D:\\Sample Project\\Reports\\Login Process\\20180709_155025"/>
         <property name="logFiles" value="D:\\Sample Project\\Reports\\Login Process\\20180709_155025\\execution0.log"/>
         <property name="attachments" value="D:\\Sample Project\\Reports\\Login Process\\20180709_155025\\1531131636603.png, D:\\Sample Project\\Reports\\Login Process\\20180709_155025\\1531131644680.png"/>
         <property name="hostName" value="shivam.gandhi.in - L-JBZ6152.jasperindia.local"/>
         <property name="os" value="Windows 7 64bit"/>
         <property name="katalonVersion" value="5.4.2.1"/>
         <property name="browser" value="Firefox 61.0"/>
         <property name="hostAddress" value="10.20.86.25"/>
         <property name="sessionId" value="96951c05-e31e-4fbc-bf47-bac05caf7154"/>
         <property name="seleniumVersion" value="3.7.1"/>
         <property name="proxyInformation" value="ProxyInformation{proxyOption=NO_PROXY, proxyServerType=HTTP, password=, proxyServerAddress=, proxyServerPort=0}"/>
         <property name="platform" value="Windows 7"/>
      </properties>
      <testcase name="Test Cases/DataDriven Login" classname="Test Cases/DataDriven Login" status="FAILED">
         <failure type="FAILED" message="Unable to click on object 'Object Repository/Login Details/Page_Online Shopping Site in India/a_login' (Root cause: org.openqa.selenium.ElementNotInteractableException: Element &lt;a href=&quot;https://www.snapdeal.com/login&quot;> could not be scrolled into view
Build info: version: '3.7.1', revision: '8a0099a', time: '2017-11-06T21:07:36.161Z'
System info: host: 'L-JBZ6152', ip: '10.20.86.25', os.name: 'Windows 7', os.arch: 'amd64', os.version: '6.1', java.version: '1.8.0_102'
Driver info: com.kms.katalon.core.webui.driver.firefox.CGeckoDriver
Capabilities {acceptInsecureCerts: true, browserName: firefox, browserVersion: 61.0, javascriptEnabled: true, moz:accessibilityChecks: false, moz:headless: false, moz:processID: 9000, moz:profile: C:\Users\shivam.gandhi.in\A..., moz:useNonSpecCompliantPointerOrigin: false, moz:webdriverClick: true, pageLoadStrategy: normal, platform: XP, platformName: XP, platformVersion: 6.1, proxy: Proxy(direct), rotatable: false, timeouts: {implicit: 0, pageLoad: 300000, script: 30000}}
Session ID: 0ff2357a-3211-4c6c-b467-0d0add56a8b1)"/>
         <system-out><![CDATA[2018-07-09 15:50:27 - [TEST_CASE][FAILED] - Test Cases/DataDriven Login: Test Cases/DataDriven Login FAILED because (of) Unable to click on object 'Object Repository/Login Details/Page_Online Shopping Site in India/a_login' (Root cause: org.openqa.selenium.ElementNotInteractableException: Element <a href="https://www.snapdeal.com/login"> could not be scrolled into view
Build info: version: '3.7.1', revision: '8a0099a', time: '2017-11-06T21:07:36.161Z'
System info: host: 'L-JBZ6152', ip: '10.20.86.25', os.name: 'Windows 7', os.arch: 'amd64', os.version: '6.1', java.version: '1.8.0_102'
Driver info: com.kms.katalon.core.webui.driver.firefox.CGeckoDriver
Capabilities {acceptInsecureCerts: true, browserName: firefox, browserVersion: 61.0, javascriptEnabled: true, moz:accessibilityChecks: false, moz:headless: false, moz:processID: 9000, moz:profile: C:\Users\shivam.gandhi.in\A..., moz:useNonSpecCompliantPointerOrigin: false, moz:webdriverClick: true, pageLoadStrategy: normal, platform: XP, platformName: XP, platformVersion: 6.1, proxy: Proxy(direct), rotatable: false, timeouts: {implicit: 0, pageLoad: 300000, script: 30000}}
Session ID: 0ff2357a-3211-4c6c-b467-0d0add56a8b1)

2018-07-09 15:50:27 - [TEST_STEP][PASSED] - openBrowser: Browser is opened with url: ''

2018-07-09 15:50:33 - [MESSAGE][PASSED] - Browser is opened with url: ''

2018-07-09 15:50:33 - [TEST_STEP][PASSED] - navigateToUrl: Navigate to 'https://www.snapdeal.com/' successfully

2018-07-09 15:50:35 - [MESSAGE][PASSED] - Navigate to 'https://www.snapdeal.com/' successfully

2018-07-09 15:50:35 - [TEST_STEP][FAILED] - click: Unable to click on object 'Object Repository/Login Details/Page_Online Shopping Site in India/a_login' (Root cause: org.openqa.selenium.ElementNotInteractableException: Element <a href="https://www.snapdeal.com/login"> could not be scrolled into view
Build info: version: '3.7.1', revision: '8a0099a', time: '2017-11-06T21:07:36.161Z'
System info: host: 'L-JBZ6152', ip: '10.20.86.25', os.name: 'Windows 7', os.arch: 'amd64', os.version: '6.1', java.version: '1.8.0_102'
Driver info: com.kms.katalon.core.webui.driver.firefox.CGeckoDriver
Capabilities {acceptInsecureCerts: true, browserName: firefox, browserVersion: 61.0, javascriptEnabled: true, moz:accessibilityChecks: false, moz:headless: false, moz:processID: 9000, moz:profile: C:\Users\shivam.gandhi.in\A..., moz:useNonSpecCompliantPointerOrigin: false, moz:webdriverClick: true, pageLoadStrategy: normal, platform: XP, platformName: XP, platformVersion: 6.1, proxy: Proxy(direct), rotatable: false, timeouts: {implicit: 0, pageLoad: 300000, script: 30000}}
Session ID: 0ff2357a-3211-4c6c-b467-0d0add56a8b1)

2018-07-09 15:50:37 - [MESSAGE][FAILED] - Unable to click on object 'Object Repository/Login Details/Page_Online Shopping Site in India/a_login' (Root cause: org.openqa.selenium.ElementNotInteractableException: Element <a href="https://www.snapdeal.com/login"> could not be scrolled into view
Build info: version: '3.7.1', revision: '8a0099a', time: '2017-11-06T21:07:36.161Z'
System info: host: 'L-JBZ6152', ip: '10.20.86.25', os.name: 'Windows 7', os.arch: 'amd64', os.version: '6.1', java.version: '1.8.0_102'
Driver info: com.kms.katalon.core.webui.driver.firefox.CGeckoDriver
Capabilities {acceptInsecureCerts: true, browserName: firefox, browserVersion: 61.0, javascriptEnabled: true, moz:accessibilityChecks: false, moz:headless: false, moz:processID: 9000, moz:profile: C:\Users\shivam.gandhi.in\A..., moz:useNonSpecCompliantPointerOrigin: false, moz:webdriverClick: true, pageLoadStrategy: normal, platform: XP, platformName: XP, platformVersion: 6.1, proxy: Proxy(direct), rotatable: false, timeouts: {implicit: 0, pageLoad: 300000, script: 30000}}
Session ID: 0ff2357a-3211-4c6c-b467-0d0add56a8b1)
[[ATTACHMENT|D:\\Sample Project\\Reports\\Login Process\\20180709_155025\\1531131636603.png]]]]></system-out>
         <system-err><![CDATA[2018-07-09 15:50:27 - [TEST_CASE][FAILED] - Test Cases/DataDriven Login: Test Cases/DataDriven Login FAILED because (of) Unable to click on object 'Object Repository/Login Details/Page_Online Shopping Site in India/a_login' (Root cause: org.openqa.selenium.ElementNotInteractableException: Element <a href="https://www.snapdeal.com/login"> could not be scrolled into view
Build info: version: '3.7.1', revision: '8a0099a', time: '2017-11-06T21:07:36.161Z'
System info: host: 'L-JBZ6152', ip: '10.20.86.25', os.name: 'Windows 7', os.arch: 'amd64', os.version: '6.1', java.version: '1.8.0_102'
Driver info: com.kms.katalon.core.webui.driver.firefox.CGeckoDriver
Capabilities {acceptInsecureCerts: true, browserName: firefox, browserVersion: 61.0, javascriptEnabled: true, moz:accessibilityChecks: false, moz:headless: false, moz:processID: 9000, moz:profile: C:\Users\shivam.gandhi.in\A..., moz:useNonSpecCompliantPointerOrigin: false, moz:webdriverClick: true, pageLoadStrategy: normal, platform: XP, platformName: XP, platformVersion: 6.1, proxy: Proxy(direct), rotatable: false, timeouts: {implicit: 0, pageLoad: 300000, script: 30000}}
Session ID: 0ff2357a-3211-4c6c-b467-0d0add56a8b1)]]></system-err>
      </testcase>
      <testcase name="Test Cases/DataDriven Login" classname="Test Cases/DataDriven Login" status="FAILED">
         <failure type="FAILED" message="Unable to click on object 'Object Repository/Login Details/Page_Online Shopping Site in India/a_login' (Root cause: org.openqa.selenium.ElementNotInteractableException: Element &lt;a href=&quot;https://www.snapdeal.com/login&quot;> could not be scrolled into view
Build info: version: '3.7.1', revision: '8a0099a', time: '2017-11-06T21:07:36.161Z'
System info: host: 'L-JBZ6152', ip: '10.20.86.25', os.name: 'Windows 7', os.arch: 'amd64', os.version: '6.1', java.version: '1.8.0_102'
Driver info: com.kms.katalon.core.webui.driver.firefox.CGeckoDriver
Capabilities {acceptInsecureCerts: true, browserName: firefox, browserVersion: 61.0, javascriptEnabled: true, moz:accessibilityChecks: false, moz:headless: false, moz:processID: 18600, moz:profile: C:\Users\shivam.gandhi.in\A..., moz:useNonSpecCompliantPointerOrigin: false, moz:webdriverClick: true, pageLoadStrategy: normal, platform: XP, platformName: XP, platformVersion: 6.1, proxy: Proxy(direct), rotatable: false, timeouts: {implicit: 0, pageLoad: 300000, script: 30000}}
Session ID: 96951c05-e31e-4fbc-bf47-bac05caf7154)"/>
         <system-out><![CDATA[2018-07-09 15:50:37 - [TEST_CASE][FAILED] - Test Cases/DataDriven Login: Test Cases/DataDriven Login FAILED because (of) Unable to click on object 'Object Repository/Login Details/Page_Online Shopping Site in India/a_login' (Root cause: org.openqa.selenium.ElementNotInteractableException: Element <a href="https://www.snapdeal.com/login"> could not be scrolled into view
Build info: version: '3.7.1', revision: '8a0099a', time: '2017-11-06T21:07:36.161Z'
System info: host: 'L-JBZ6152', ip: '10.20.86.25', os.name: 'Windows 7', os.arch: 'amd64', os.version: '6.1', java.version: '1.8.0_102'
Driver info: com.kms.katalon.core.webui.driver.firefox.CGeckoDriver
Capabilities {acceptInsecureCerts: true, browserName: firefox, browserVersion: 61.0, javascriptEnabled: true, moz:accessibilityChecks: false, moz:headless: false, moz:processID: 18600, moz:profile: C:\Users\shivam.gandhi.in\A..., moz:useNonSpecCompliantPointerOrigin: false, moz:webdriverClick: true, pageLoadStrategy: normal, platform: XP, platformName: XP, platformVersion: 6.1, proxy: Proxy(direct), rotatable: false, timeouts: {implicit: 0, pageLoad: 300000, script: 30000}}
Session ID: 96951c05-e31e-4fbc-bf47-bac05caf7154)

2018-07-09 15:50:37 - [TEST_STEP][PASSED] - openBrowser: Browser is opened with url: ''

2018-07-09 15:50:37 - [MESSAGE][WARNING] - A browser is already opened. Closing browser and opening a new one

2018-07-09 15:50:42 - [MESSAGE][PASSED] - Browser is opened with url: ''

2018-07-09 15:50:42 - [TEST_STEP][PASSED] - navigateToUrl: Navigate to 'https://www.snapdeal.com/' successfully

2018-07-09 15:50:44 - [MESSAGE][PASSED] - Navigate to 'https://www.snapdeal.com/' successfully

2018-07-09 15:50:44 - [TEST_STEP][FAILED] - click: Unable to click on object 'Object Repository/Login Details/Page_Online Shopping Site in India/a_login' (Root cause: org.openqa.selenium.ElementNotInteractableException: Element <a href="https://www.snapdeal.com/login"> could not be scrolled into view
Build info: version: '3.7.1', revision: '8a0099a', time: '2017-11-06T21:07:36.161Z'
System info: host: 'L-JBZ6152', ip: '10.20.86.25', os.name: 'Windows 7', os.arch: 'amd64', os.version: '6.1', java.version: '1.8.0_102'
Driver info: com.kms.katalon.core.webui.driver.firefox.CGeckoDriver
Capabilities {acceptInsecureCerts: true, browserName: firefox, browserVersion: 61.0, javascriptEnabled: true, moz:accessibilityChecks: false, moz:headless: false, moz:processID: 18600, moz:profile: C:\Users\shivam.gandhi.in\A..., moz:useNonSpecCompliantPointerOrigin: false, moz:webdriverClick: true, pageLoadStrategy: normal, platform: XP, platformName: XP, platformVersion: 6.1, proxy: Proxy(direct), rotatable: false, timeouts: {implicit: 0, pageLoad: 300000, script: 30000}}
Session ID: 96951c05-e31e-4fbc-bf47-bac05caf7154)

2018-07-09 15:50:45 - [MESSAGE][FAILED] - Unable to click on object 'Object Repository/Login Details/Page_Online Shopping Site in India/a_login' (Root cause: org.openqa.selenium.ElementNotInteractableException: Element <a href="https://www.snapdeal.com/login"> could not be scrolled into view
Build info: version: '3.7.1', revision: '8a0099a', time: '2017-11-06T21:07:36.161Z'
System info: host: 'L-JBZ6152', ip: '10.20.86.25', os.name: 'Windows 7', os.arch: 'amd64', os.version: '6.1', java.version: '1.8.0_102'
Driver info: com.kms.katalon.core.webui.driver.firefox.CGeckoDriver
Capabilities {acceptInsecureCerts: true, browserName: firefox, browserVersion: 61.0, javascriptEnabled: true, moz:accessibilityChecks: false, moz:headless: false, moz:processID: 18600, moz:profile: C:\Users\shivam.gandhi.in\A..., moz:useNonSpecCompliantPointerOrigin: false, moz:webdriverClick: true, pageLoadStrategy: normal, platform: XP, platformName: XP, platformVersion: 6.1, proxy: Proxy(direct), rotatable: false, timeouts: {implicit: 0, pageLoad: 300000, script: 30000}}
Session ID: 96951c05-e31e-4fbc-bf47-bac05caf7154)
[[ATTACHMENT|D:\\Sample Project\\Reports\\Login Process\\20180709_155025\\1531131644680.png]]]]></system-out>
         <system-err><![CDATA[2018-07-09 15:50:37 - [TEST_CASE][FAILED] - Test Cases/DataDriven Login: Test Cases/DataDriven Login FAILED because (of) Unable to click on object 'Object Repository/Login Details/Page_Online Shopping Site in India/a_login' (Root cause: org.openqa.selenium.ElementNotInteractableException: Element <a href="https://www.snapdeal.com/login"> could not be scrolled into view
Build info: version: '3.7.1', revision: '8a0099a', time: '2017-11-06T21:07:36.161Z'
System info: host: 'L-JBZ6152', ip: '10.20.86.25', os.name: 'Windows 7', os.arch: 'amd64', os.version: '6.1', java.version: '1.8.0_102'
Driver info: com.kms.katalon.core.webui.driver.firefox.CGeckoDriver
Capabilities {acceptInsecureCerts: true, browserName: firefox, browserVersion: 61.0, javascriptEnabled: true, moz:accessibilityChecks: false, moz:headless: false, moz:processID: 18600, moz:profile: C:\Users\shivam.gandhi.in\A..., moz:useNonSpecCompliantPointerOrigin: false, moz:webdriverClick: true, pageLoadStrategy: normal, platform: XP, platformName: XP, platformVersion: 6.1, proxy: Proxy(direct), rotatable: false, timeouts: {implicit: 0, pageLoad: 300000, script: 30000}}
Session ID: 96951c05-e31e-4fbc-bf47-bac05caf7154)]]></system-err>
      </testcase>
      <system-out><![CDATA[2018-07-09 15:50:26 - [TEST_SUITE][FAILED] - Login Process: Test Cases/DataDriven Login FAILED because (of) Unable to click on object 'Object Repository/Login Details/Page_Online Shopping Site in India/a_login' (Root cause: org.openqa.selenium.ElementNotInteractableException: Element <a href="https://www.snapdeal.com/login"> could not be scrolled into view
Build info: version: '3.7.1', revision: '8a0099a', time: '2017-11-06T21:07:36.161Z'
System info: host: 'L-JBZ6152', ip: '10.20.86.25', os.name: 'Windows 7', os.arch: 'amd64', os.version: '6.1', java.version: '1.8.0_102'
Driver info: com.kms.katalon.core.webui.driver.firefox.CGeckoDriver
Capabilities {acceptInsecureCerts: true, browserName: firefox, browserVersion: 61.0, javascriptEnabled: true, moz:accessibilityChecks: false, moz:headless: false, moz:processID: 9000, moz:profile: C:\Users\shivam.gandhi.in\A..., moz:useNonSpecCompliantPointerOrigin: false, moz:webdriverClick: true, pageLoadStrategy: normal, platform: XP, platformName: XP, platformVersion: 6.1, proxy: Proxy(direct), rotatable: false, timeouts: {implicit: 0, pageLoad: 300000, script: 30000}}
Session ID: 0ff2357a-3211-4c6c-b467-0d0add56a8b1)]]></system-out>
      <system-err><![CDATA[2018-07-09 15:50:26 - [TEST_SUITE][FAILED] - Login Process: Test Cases/DataDriven Login FAILED because (of) Unable to click on object 'Object Repository/Login Details/Page_Online Shopping Site in India/a_login' (Root cause: org.openqa.selenium.ElementNotInteractableException: Element <a href="https://www.snapdeal.com/login"> could not be scrolled into view
Build info: version: '3.7.1', revision: '8a0099a', time: '2017-11-06T21:07:36.161Z'
System info: host: 'L-JBZ6152', ip: '10.20.86.25', os.name: 'Windows 7', os.arch: 'amd64', os.version: '6.1', java.version: '1.8.0_102'
Driver info: com.kms.katalon.core.webui.driver.firefox.CGeckoDriver
Capabilities {acceptInsecureCerts: true, browserName: firefox, browserVersion: 61.0, javascriptEnabled: true, moz:accessibilityChecks: false, moz:headless: false, moz:processID: 9000, moz:profile: C:\Users\shivam.gandhi.in\A..., moz:useNonSpecCompliantPointerOrigin: false, moz:webdriverClick: true, pageLoadStrategy: normal, platform: XP, platformName: XP, platformVersion: 6.1, proxy: Proxy(direct), rotatable: false, timeouts: {implicit: 0, pageLoad: 300000, script: 30000}}
Session ID: 0ff2357a-3211-4c6c-b467-0d0add56a8b1)]]></system-err>
   </testsuite>
</testsuites>
