<?xml version="1.0" encoding="UTF-8"?>
<testsuites name="Login Process" time="18" tests="0" failures="2" errors="0">
   <testsuite name="Login Process" tests="0" failures="2" errors="0" time="18" timestamp="2018-07-09 15:47:11" hostname="shivam.gandhi.in - L-JBZ6152.jasperindia.local" id="Test Suites/Login Process">
      <properties>
         <property name="deviceName" value=""/>
         <property name="devicePlatform" value=""/>
         <property name="logFolder" value="D:\\Sample Project\\Reports\\Login Process\\20180709_154709"/>
         <property name="logFiles" value="D:\\Sample Project\\Reports\\Login Process\\20180709_154709\\execution0.log"/>
         <property name="attachments" value="D:\\Sample Project\\Reports\\Login Process\\20180709_154709\\1531131440656.png, D:\\Sample Project\\Reports\\Login Process\\20180709_154709\\1531131449890.png"/>
         <property name="hostName" value="shivam.gandhi.in - L-JBZ6152.jasperindia.local"/>
         <property name="os" value="Windows 7 64bit"/>
         <property name="katalonVersion" value="5.4.2.1"/>
         <property name="browser" value="Firefox 61.0"/>
         <property name="hostAddress" value="10.20.86.25"/>
         <property name="sessionId" value="ec4e3391-9d0f-4106-9f63-67abc60d64cb"/>
         <property name="seleniumVersion" value="3.7.1"/>
         <property name="proxyInformation" value="ProxyInformation{proxyOption=NO_PROXY, proxyServerType=HTTP, password=, proxyServerAddress=, proxyServerPort=0}"/>
         <property name="platform" value="Windows 7"/>
      </properties>
      <testcase name="Test Cases/DataDriven Login" classname="Test Cases/DataDriven Login" status="FAILED">
         <failure type="FAILED" message="Unable to click on object 'Object Repository/Login Details/Page_Online Shopping Site in India/a_login' (Root cause: org.openqa.selenium.ElementNotInteractableException: Element &lt;a href=&quot;https://www.snapdeal.com/login&quot;> could not be scrolled into view
Build info: version: '3.7.1', revision: '8a0099a', time: '2017-11-06T21:07:36.161Z'
System info: host: 'L-JBZ6152', ip: '10.20.86.25', os.name: 'Windows 7', os.arch: 'amd64', os.version: '6.1', java.version: '1.8.0_102'
Driver info: com.kms.katalon.core.webui.driver.firefox.CGeckoDriver
Capabilities {acceptInsecureCerts: true, browserName: firefox, browserVersion: 61.0, javascriptEnabled: true, moz:accessibilityChecks: false, moz:headless: false, moz:processID: 16100, moz:profile: C:\Users\shivam.gandhi.in\A..., moz:useNonSpecCompliantPointerOrigin: false, moz:webdriverClick: true, pageLoadStrategy: normal, platform: XP, platformName: XP, platformVersion: 6.1, proxy: Proxy(direct), rotatable: false, timeouts: {implicit: 0, pageLoad: 300000, script: 30000}}
Session ID: 9b7fc469-c1cc-4ed0-b721-601ad352ab4c)"/>
         <system-out><![CDATA[2018-07-09 15:47:12 - [TEST_CASE][FAILED] - Test Cases/DataDriven Login: Test Cases/DataDriven Login FAILED because (of) Unable to click on object 'Object Repository/Login Details/Page_Online Shopping Site in India/a_login' (Root cause: org.openqa.selenium.ElementNotInteractableException: Element <a href="https://www.snapdeal.com/login"> could not be scrolled into view
Build info: version: '3.7.1', revision: '8a0099a', time: '2017-11-06T21:07:36.161Z'
System info: host: 'L-JBZ6152', ip: '10.20.86.25', os.name: 'Windows 7', os.arch: 'amd64', os.version: '6.1', java.version: '1.8.0_102'
Driver info: com.kms.katalon.core.webui.driver.firefox.CGeckoDriver
Capabilities {acceptInsecureCerts: true, browserName: firefox, browserVersion: 61.0, javascriptEnabled: true, moz:accessibilityChecks: false, moz:headless: false, moz:processID: 16100, moz:profile: C:\Users\shivam.gandhi.in\A..., moz:useNonSpecCompliantPointerOrigin: false, moz:webdriverClick: true, pageLoadStrategy: normal, platform: XP, platformName: XP, platformVersion: 6.1, proxy: Proxy(direct), rotatable: false, timeouts: {implicit: 0, pageLoad: 300000, script: 30000}}
Session ID: 9b7fc469-c1cc-4ed0-b721-601ad352ab4c)

2018-07-09 15:47:12 - [TEST_STEP][PASSED] - openBrowser: Browser is opened with url: ''

2018-07-09 15:47:18 - [MESSAGE][PASSED] - Browser is opened with url: ''

2018-07-09 15:47:18 - [TEST_STEP][PASSED] - navigateToUrl: Navigate to 'https://www.snapdeal.com/' successfully

2018-07-09 15:47:20 - [MESSAGE][PASSED] - Navigate to 'https://www.snapdeal.com/' successfully

2018-07-09 15:47:20 - [TEST_STEP][FAILED] - click: Unable to click on object 'Object Repository/Login Details/Page_Online Shopping Site in India/a_login' (Root cause: org.openqa.selenium.ElementNotInteractableException: Element <a href="https://www.snapdeal.com/login"> could not be scrolled into view
Build info: version: '3.7.1', revision: '8a0099a', time: '2017-11-06T21:07:36.161Z'
System info: host: 'L-JBZ6152', ip: '10.20.86.25', os.name: 'Windows 7', os.arch: 'amd64', os.version: '6.1', java.version: '1.8.0_102'
Driver info: com.kms.katalon.core.webui.driver.firefox.CGeckoDriver
Capabilities {acceptInsecureCerts: true, browserName: firefox, browserVersion: 61.0, javascriptEnabled: true, moz:accessibilityChecks: false, moz:headless: false, moz:processID: 16100, moz:profile: C:\Users\shivam.gandhi.in\A..., moz:useNonSpecCompliantPointerOrigin: false, moz:webdriverClick: true, pageLoadStrategy: normal, platform: XP, platformName: XP, platformVersion: 6.1, proxy: Proxy(direct), rotatable: false, timeouts: {implicit: 0, pageLoad: 300000, script: 30000}}
Session ID: 9b7fc469-c1cc-4ed0-b721-601ad352ab4c)

2018-07-09 15:47:22 - [MESSAGE][FAILED] - Unable to click on object 'Object Repository/Login Details/Page_Online Shopping Site in India/a_login' (Root cause: org.openqa.selenium.ElementNotInteractableException: Element <a href="https://www.snapdeal.com/login"> could not be scrolled into view
Build info: version: '3.7.1', revision: '8a0099a', time: '2017-11-06T21:07:36.161Z'
System info: host: 'L-JBZ6152', ip: '10.20.86.25', os.name: 'Windows 7', os.arch: 'amd64', os.version: '6.1', java.version: '1.8.0_102'
Driver info: com.kms.katalon.core.webui.driver.firefox.CGeckoDriver
Capabilities {acceptInsecureCerts: true, browserName: firefox, browserVersion: 61.0, javascriptEnabled: true, moz:accessibilityChecks: false, moz:headless: false, moz:processID: 16100, moz:profile: C:\Users\shivam.gandhi.in\A..., moz:useNonSpecCompliantPointerOrigin: false, moz:webdriverClick: true, pageLoadStrategy: normal, platform: XP, platformName: XP, platformVersion: 6.1, proxy: Proxy(direct), rotatable: false, timeouts: {implicit: 0, pageLoad: 300000, script: 30000}}
Session ID: 9b7fc469-c1cc-4ed0-b721-601ad352ab4c)
[[ATTACHMENT|D:\\Sample Project\\Reports\\Login Process\\20180709_154709\\1531131440656.png]]]]></system-out>
         <system-err><![CDATA[2018-07-09 15:47:12 - [TEST_CASE][FAILED] - Test Cases/DataDriven Login: Test Cases/DataDriven Login FAILED because (of) Unable to click on object 'Object Repository/Login Details/Page_Online Shopping Site in India/a_login' (Root cause: org.openqa.selenium.ElementNotInteractableException: Element <a href="https://www.snapdeal.com/login"> could not be scrolled into view
Build info: version: '3.7.1', revision: '8a0099a', time: '2017-11-06T21:07:36.161Z'
System info: host: 'L-JBZ6152', ip: '10.20.86.25', os.name: 'Windows 7', os.arch: 'amd64', os.version: '6.1', java.version: '1.8.0_102'
Driver info: com.kms.katalon.core.webui.driver.firefox.CGeckoDriver
Capabilities {acceptInsecureCerts: true, browserName: firefox, browserVersion: 61.0, javascriptEnabled: true, moz:accessibilityChecks: false, moz:headless: false, moz:processID: 16100, moz:profile: C:\Users\shivam.gandhi.in\A..., moz:useNonSpecCompliantPointerOrigin: false, moz:webdriverClick: true, pageLoadStrategy: normal, platform: XP, platformName: XP, platformVersion: 6.1, proxy: Proxy(direct), rotatable: false, timeouts: {implicit: 0, pageLoad: 300000, script: 30000}}
Session ID: 9b7fc469-c1cc-4ed0-b721-601ad352ab4c)]]></system-err>
      </testcase>
      <testcase name="Test Cases/DataDriven Login" classname="Test Cases/DataDriven Login" status="FAILED">
         <failure type="FAILED" message="Unable to click on object 'Object Repository/Login Details/Page_Online Shopping Site in India/a_login' (Root cause: org.openqa.selenium.ElementNotInteractableException: Element &lt;a href=&quot;https://www.snapdeal.com/login&quot;> could not be scrolled into view
Build info: version: '3.7.1', revision: '8a0099a', time: '2017-11-06T21:07:36.161Z'
System info: host: 'L-JBZ6152', ip: '10.20.86.25', os.name: 'Windows 7', os.arch: 'amd64', os.version: '6.1', java.version: '1.8.0_102'
Driver info: com.kms.katalon.core.webui.driver.firefox.CGeckoDriver
Capabilities {acceptInsecureCerts: true, browserName: firefox, browserVersion: 61.0, javascriptEnabled: true, moz:accessibilityChecks: false, moz:headless: false, moz:processID: 17612, moz:profile: C:\Users\shivam.gandhi.in\A..., moz:useNonSpecCompliantPointerOrigin: false, moz:webdriverClick: true, pageLoadStrategy: normal, platform: XP, platformName: XP, platformVersion: 6.1, proxy: Proxy(direct), rotatable: false, timeouts: {implicit: 0, pageLoad: 300000, script: 30000}}
Session ID: ec4e3391-9d0f-4106-9f63-67abc60d64cb)"/>
         <system-out><![CDATA[2018-07-09 15:47:22 - [TEST_CASE][FAILED] - Test Cases/DataDriven Login: Test Cases/DataDriven Login FAILED because (of) Unable to click on object 'Object Repository/Login Details/Page_Online Shopping Site in India/a_login' (Root cause: org.openqa.selenium.ElementNotInteractableException: Element <a href="https://www.snapdeal.com/login"> could not be scrolled into view
Build info: version: '3.7.1', revision: '8a0099a', time: '2017-11-06T21:07:36.161Z'
System info: host: 'L-JBZ6152', ip: '10.20.86.25', os.name: 'Windows 7', os.arch: 'amd64', os.version: '6.1', java.version: '1.8.0_102'
Driver info: com.kms.katalon.core.webui.driver.firefox.CGeckoDriver
Capabilities {acceptInsecureCerts: true, browserName: firefox, browserVersion: 61.0, javascriptEnabled: true, moz:accessibilityChecks: false, moz:headless: false, moz:processID: 17612, moz:profile: C:\Users\shivam.gandhi.in\A..., moz:useNonSpecCompliantPointerOrigin: false, moz:webdriverClick: true, pageLoadStrategy: normal, platform: XP, platformName: XP, platformVersion: 6.1, proxy: Proxy(direct), rotatable: false, timeouts: {implicit: 0, pageLoad: 300000, script: 30000}}
Session ID: ec4e3391-9d0f-4106-9f63-67abc60d64cb)

2018-07-09 15:47:22 - [TEST_STEP][PASSED] - openBrowser: Browser is opened with url: ''

2018-07-09 15:47:22 - [MESSAGE][WARNING] - A browser is already opened. Closing browser and opening a new one

2018-07-09 15:47:27 - [MESSAGE][PASSED] - Browser is opened with url: ''

2018-07-09 15:47:27 - [TEST_STEP][PASSED] - navigateToUrl: Navigate to 'https://www.snapdeal.com/' successfully

2018-07-09 15:47:28 - [MESSAGE][PASSED] - Navigate to 'https://www.snapdeal.com/' successfully

2018-07-09 15:47:28 - [TEST_STEP][FAILED] - click: Unable to click on object 'Object Repository/Login Details/Page_Online Shopping Site in India/a_login' (Root cause: org.openqa.selenium.ElementNotInteractableException: Element <a href="https://www.snapdeal.com/login"> could not be scrolled into view
Build info: version: '3.7.1', revision: '8a0099a', time: '2017-11-06T21:07:36.161Z'
System info: host: 'L-JBZ6152', ip: '10.20.86.25', os.name: 'Windows 7', os.arch: 'amd64', os.version: '6.1', java.version: '1.8.0_102'
Driver info: com.kms.katalon.core.webui.driver.firefox.CGeckoDriver
Capabilities {acceptInsecureCerts: true, browserName: firefox, browserVersion: 61.0, javascriptEnabled: true, moz:accessibilityChecks: false, moz:headless: false, moz:processID: 17612, moz:profile: C:\Users\shivam.gandhi.in\A..., moz:useNonSpecCompliantPointerOrigin: false, moz:webdriverClick: true, pageLoadStrategy: normal, platform: XP, platformName: XP, platformVersion: 6.1, proxy: Proxy(direct), rotatable: false, timeouts: {implicit: 0, pageLoad: 300000, script: 30000}}
Session ID: ec4e3391-9d0f-4106-9f63-67abc60d64cb)

2018-07-09 15:47:30 - [MESSAGE][FAILED] - Unable to click on object 'Object Repository/Login Details/Page_Online Shopping Site in India/a_login' (Root cause: org.openqa.selenium.ElementNotInteractableException: Element <a href="https://www.snapdeal.com/login"> could not be scrolled into view
Build info: version: '3.7.1', revision: '8a0099a', time: '2017-11-06T21:07:36.161Z'
System info: host: 'L-JBZ6152', ip: '10.20.86.25', os.name: 'Windows 7', os.arch: 'amd64', os.version: '6.1', java.version: '1.8.0_102'
Driver info: com.kms.katalon.core.webui.driver.firefox.CGeckoDriver
Capabilities {acceptInsecureCerts: true, browserName: firefox, browserVersion: 61.0, javascriptEnabled: true, moz:accessibilityChecks: false, moz:headless: false, moz:processID: 17612, moz:profile: C:\Users\shivam.gandhi.in\A..., moz:useNonSpecCompliantPointerOrigin: false, moz:webdriverClick: true, pageLoadStrategy: normal, platform: XP, platformName: XP, platformVersion: 6.1, proxy: Proxy(direct), rotatable: false, timeouts: {implicit: 0, pageLoad: 300000, script: 30000}}
Session ID: ec4e3391-9d0f-4106-9f63-67abc60d64cb)
[[ATTACHMENT|D:\\Sample Project\\Reports\\Login Process\\20180709_154709\\1531131449890.png]]]]></system-out>
         <system-err><![CDATA[2018-07-09 15:47:22 - [TEST_CASE][FAILED] - Test Cases/DataDriven Login: Test Cases/DataDriven Login FAILED because (of) Unable to click on object 'Object Repository/Login Details/Page_Online Shopping Site in India/a_login' (Root cause: org.openqa.selenium.ElementNotInteractableException: Element <a href="https://www.snapdeal.com/login"> could not be scrolled into view
Build info: version: '3.7.1', revision: '8a0099a', time: '2017-11-06T21:07:36.161Z'
System info: host: 'L-JBZ6152', ip: '10.20.86.25', os.name: 'Windows 7', os.arch: 'amd64', os.version: '6.1', java.version: '1.8.0_102'
Driver info: com.kms.katalon.core.webui.driver.firefox.CGeckoDriver
Capabilities {acceptInsecureCerts: true, browserName: firefox, browserVersion: 61.0, javascriptEnabled: true, moz:accessibilityChecks: false, moz:headless: false, moz:processID: 17612, moz:profile: C:\Users\shivam.gandhi.in\A..., moz:useNonSpecCompliantPointerOrigin: false, moz:webdriverClick: true, pageLoadStrategy: normal, platform: XP, platformName: XP, platformVersion: 6.1, proxy: Proxy(direct), rotatable: false, timeouts: {implicit: 0, pageLoad: 300000, script: 30000}}
Session ID: ec4e3391-9d0f-4106-9f63-67abc60d64cb)]]></system-err>
      </testcase>
      <system-out><![CDATA[2018-07-09 15:47:11 - [TEST_SUITE][FAILED] - Login Process: Test Cases/DataDriven Login FAILED because (of) Unable to click on object 'Object Repository/Login Details/Page_Online Shopping Site in India/a_login' (Root cause: org.openqa.selenium.ElementNotInteractableException: Element <a href="https://www.snapdeal.com/login"> could not be scrolled into view
Build info: version: '3.7.1', revision: '8a0099a', time: '2017-11-06T21:07:36.161Z'
System info: host: 'L-JBZ6152', ip: '10.20.86.25', os.name: 'Windows 7', os.arch: 'amd64', os.version: '6.1', java.version: '1.8.0_102'
Driver info: com.kms.katalon.core.webui.driver.firefox.CGeckoDriver
Capabilities {acceptInsecureCerts: true, browserName: firefox, browserVersion: 61.0, javascriptEnabled: true, moz:accessibilityChecks: false, moz:headless: false, moz:processID: 16100, moz:profile: C:\Users\shivam.gandhi.in\A..., moz:useNonSpecCompliantPointerOrigin: false, moz:webdriverClick: true, pageLoadStrategy: normal, platform: XP, platformName: XP, platformVersion: 6.1, proxy: Proxy(direct), rotatable: false, timeouts: {implicit: 0, pageLoad: 300000, script: 30000}}
Session ID: 9b7fc469-c1cc-4ed0-b721-601ad352ab4c)]]></system-out>
      <system-err><![CDATA[2018-07-09 15:47:11 - [TEST_SUITE][FAILED] - Login Process: Test Cases/DataDriven Login FAILED because (of) Unable to click on object 'Object Repository/Login Details/Page_Online Shopping Site in India/a_login' (Root cause: org.openqa.selenium.ElementNotInteractableException: Element <a href="https://www.snapdeal.com/login"> could not be scrolled into view
Build info: version: '3.7.1', revision: '8a0099a', time: '2017-11-06T21:07:36.161Z'
System info: host: 'L-JBZ6152', ip: '10.20.86.25', os.name: 'Windows 7', os.arch: 'amd64', os.version: '6.1', java.version: '1.8.0_102'
Driver info: com.kms.katalon.core.webui.driver.firefox.CGeckoDriver
Capabilities {acceptInsecureCerts: true, browserName: firefox, browserVersion: 61.0, javascriptEnabled: true, moz:accessibilityChecks: false, moz:headless: false, moz:processID: 16100, moz:profile: C:\Users\shivam.gandhi.in\A..., moz:useNonSpecCompliantPointerOrigin: false, moz:webdriverClick: true, pageLoadStrategy: normal, platform: XP, platformName: XP, platformVersion: 6.1, proxy: Proxy(direct), rotatable: false, timeouts: {implicit: 0, pageLoad: 300000, script: 30000}}
Session ID: 9b7fc469-c1cc-4ed0-b721-601ad352ab4c)]]></system-err>
   </testsuite>
</testsuites>
